  stdafx.cpp
e:\팀포폴 ppt\winapi\winapi\stdafx.h(89): warning C4091: 'typedef ': 변수를 선언하지 않으면 'OBJECTDISCERN' 왼쪽은 무시됩니다.
e:\팀포폴 ppt\winapi\winapi\stdafx.h(94): warning C4091: 'typedef ': 변수를 선언하지 않으면 'ENEMYDISCERN' 왼쪽은 무시됩니다.
  winMain.cpp
  utils.cpp
  timer.cpp
  timeManager.cpp
  stonBox.cpp
e:\팀포폴 ppt\winapi\winapi\fieldobject.h(34): warning C4244: '인수': 'float'에서 'int'(으)로 변환하면서 데이터가 손실될 수 있습니다.
e:\팀포폴 ppt\winapi\winapi\stonbox.cpp(10): warning C4244: '인수': 'float'에서 'int'(으)로 변환하면서 데이터가 손실될 수 있습니다.
e:\팀포폴 ppt\winapi\winapi\stonbox.cpp(30): warning C4244: '인수': 'float'에서 'int'(으)로 변환하면서 데이터가 손실될 수 있습니다.
e:\팀포폴 ppt\winapi\winapi\stonbox.cpp(34): warning C4244: '인수': 'float'에서 'int'(으)로 변환하면서 데이터가 손실될 수 있습니다.
  startScene.cpp
e:\팀포폴 ppt\winapi\winapi\startscene.cpp(28): warning C4244: '인수': 'float'에서 'BYTE'(으)로 변환하면서 데이터가 손실될 수 있습니다.
  secondScene.cpp
  sceneManager.cpp
  progressBar.cpp
e:\팀포폴 ppt\winapi\winapi\progressbar.cpp(17): warning C4244: '=': 'int'에서 'float'(으)로 변환하면서 데이터가 손실될 수 있습니다.
e:\팀포폴 ppt\winapi\winapi\progressbar.cpp(40): warning C4244: '인수': 'float'에서 'int'(으)로 변환하면서 데이터가 손실될 수 있습니다.
  playScene.cpp
e:\팀포폴 ppt\winapi\winapi\fieldobject.h(34): warning C4244: '인수': 'float'에서 'int'(으)로 변환하면서 데이터가 손실될 수 있습니다.
e:\팀포폴 ppt\winapi\winapi\enemy.h(19): warning C4244: '인수': 'float'에서 'int'(으)로 변환하면서 데이터가 손실될 수 있습니다.
e:\팀포폴 ppt\winapi\winapi\player.h(55): warning C4244: '인수': 'float'에서 'int'(으)로 변환하면서 데이터가 손실될 수 있습니다.
  player.cpp
e:\팀포폴 ppt\winapi\winapi\fieldobject.h(34): warning C4244: '인수': 'float'에서 'int'(으)로 변환하면서 데이터가 손실될 수 있습니다.
e:\팀포폴 ppt\winapi\winapi\enemy.h(19): warning C4244: '인수': 'float'에서 'int'(으)로 변환하면서 데이터가 손실될 수 있습니다.
e:\팀포폴 ppt\winapi\winapi\player.h(55): warning C4244: '인수': 'float'에서 'int'(으)로 변환하면서 데이터가 손실될 수 있습니다.
e:\팀포폴 ppt\winapi\winapi\player.cpp(84): warning C4244: '인수': 'float'에서 'int'(으)로 변환하면서 데이터가 손실될 수 있습니다.
e:\팀포폴 ppt\winapi\winapi\player.cpp(92): warning C4244: '=': 'int'에서 'float'(으)로 변환하면서 데이터가 손실될 수 있습니다.
e:\팀포폴 ppt\winapi\winapi\player.cpp(118): warning C4244: '=': 'float'에서 'int'(으)로 변환하면서 데이터가 손실될 수 있습니다.
e:\팀포폴 ppt\winapi\winapi\player.cpp(271): warning C4244: '=': 'float'에서 'int'(으)로 변환하면서 데이터가 손실될 수 있습니다.
e:\팀포폴 ppt\winapi\winapi\player.cpp(343): warning C4244: '인수': 'float'에서 'int'(으)로 변환하면서 데이터가 손실될 수 있습니다.
e:\팀포폴 ppt\winapi\winapi\player.cpp(345): warning C4018: '<': signed 또는 unsigned가 일치하지 않습니다.
e:\팀포폴 ppt\winapi\winapi\player.cpp(352): warning C4244: '=': 'LONG'에서 'float'(으)로 변환하면서 데이터가 손실될 수 있습니다.
e:\팀포폴 ppt\winapi\winapi\player.cpp(355): warning C4244: '=': 'LONG'에서 'float'(으)로 변환하면서 데이터가 손실될 수 있습니다.
e:\팀포폴 ppt\winapi\winapi\player.cpp(358): warning C4244: '=': 'LONG'에서 'float'(으)로 변환하면서 데이터가 손실될 수 있습니다.
e:\팀포폴 ppt\winapi\winapi\player.cpp(361): warning C4244: '=': 'LONG'에서 'float'(으)로 변환하면서 데이터가 손실될 수 있습니다.
e:\팀포폴 ppt\winapi\winapi\player.cpp(374): warning C4244: '인수': 'float'에서 'int'(으)로 변환하면서 데이터가 손실될 수 있습니다.
e:\팀포폴 ppt\winapi\winapi\player.cpp(376): warning C4018: '<': signed 또는 unsigned가 일치하지 않습니다.
e:\팀포폴 ppt\winapi\winapi\player.cpp(392): warning C4060: switch문에 'case' 또는 'default' 레이블이 없습니다.
e:\팀포폴 ppt\winapi\winapi\player.cpp(401): warning C4244: '인수': 'float'에서 'int'(으)로 변환하면서 데이터가 손실될 수 있습니다.
e:\팀포폴 ppt\winapi\winapi\player.cpp(403): warning C4018: '<': signed 또는 unsigned가 일치하지 않습니다.
e:\팀포폴 ppt\winapi\winapi\player.cpp(430): warning C4244: '인수': 'float'에서 'int'(으)로 변환하면서 데이터가 손실될 수 있습니다.
e:\팀포폴 ppt\winapi\winapi\player.cpp(438): warning C4244: '=': 'int'에서 'float'(으)로 변환하면서 데이터가 손실될 수 있습니다.
e:\팀포폴 ppt\winapi\winapi\player.cpp(451): warning C4244: '인수': 'float'에서 'int'(으)로 변환하면서 데이터가 손실될 수 있습니다.
e:\팀포폴 ppt\winapi\winapi\player.cpp(459): warning C4244: '=': 'int'에서 'float'(으)로 변환하면서 데이터가 손실될 수 있습니다.
  objectManager.cpp
e:\팀포폴 ppt\winapi\winapi\fieldobject.h(34): warning C4244: '인수': 'float'에서 'int'(으)로 변환하면서 데이터가 손실될 수 있습니다.
e:\팀포폴 ppt\winapi\winapi\objectmanager.cpp(25): warning C4244: '인수': 'float'에서 'int'(으)로 변환하면서 데이터가 손실될 수 있습니다.
e:\팀포폴 ppt\winapi\winapi\objectmanager.cpp(32): warning C4244: '인수': 'float'에서 'int'(으)로 변환하면서 데이터가 손실될 수 있습니다.
e:\팀포폴 ppt\winapi\winapi\objectmanager.cpp(41): warning C4244: '인수': 'float'에서 'int'(으)로 변환하면서 데이터가 손실될 수 있습니다.
e:\팀포폴 ppt\winapi\winapi\objectmanager.cpp(59): warning C4244: '인수': 'float'에서 'int'(으)로 변환하면서 데이터가 손실될 수 있습니다.
e:\팀포폴 ppt\winapi\winapi\objectmanager.cpp(67): warning C4244: '인수': 'float'에서 'int'(으)로 변환하면서 데이터가 손실될 수 있습니다.
e:\팀포폴 ppt\winapi\winapi\objectmanager.cpp(169): warning C4018: '<': signed 또는 unsigned가 일치하지 않습니다.
  NumberSample.cpp
  StarBox.cpp
e:\팀포폴 ppt\winapi\winapi\fieldobject.h(34): warning C4244: '인수': 'float'에서 'int'(으)로 변환하면서 데이터가 손실될 수 있습니다.
e:\팀포폴 ppt\winapi\winapi\enemy.h(19): warning C4244: '인수': 'float'에서 'int'(으)로 변환하면서 데이터가 손실될 수 있습니다.
e:\팀포폴 ppt\winapi\winapi\player.h(55): warning C4244: '인수': 'float'에서 'int'(으)로 변환하면서 데이터가 손실될 수 있습니다.
e:\팀포폴 ppt\winapi\winapi\starbox.cpp(13): warning C4244: '인수': 'float'에서 'int'(으)로 변환하면서 데이터가 손실될 수 있습니다.
e:\팀포폴 ppt\winapi\winapi\starbox.cpp(48): warning C4244: '인수': 'float'에서 'int'(으)로 변환하면서 데이터가 손실될 수 있습니다.
e:\팀포폴 ppt\winapi\winapi\starbox.cpp(52): warning C4244: '인수': 'float'에서 'int'(으)로 변환하면서 데이터가 손실될 수 있습니다.
  sandBox.cpp
e:\팀포폴 ppt\winapi\winapi\fieldobject.h(34): warning C4244: '인수': 'float'에서 'int'(으)로 변환하면서 데이터가 손실될 수 있습니다.
e:\팀포폴 ppt\winapi\winapi\sandbox.cpp(12): warning C4244: '인수': 'float'에서 'int'(으)로 변환하면서 데이터가 손실될 수 있습니다.
e:\팀포폴 ppt\winapi\winapi\sandbox.cpp(42): warning C4244: '인수': 'float'에서 'int'(으)로 변환하면서 데이터가 손실될 수 있습니다.
e:\팀포폴 ppt\winapi\winapi\sandbox.cpp(46): warning C4244: '인수': 'float'에서 'int'(으)로 변환하면서 데이터가 손실될 수 있습니다.
  meatItem.cpp
e:\팀포폴 ppt\winapi\winapi\fieldobject.h(34): warning C4244: '인수': 'float'에서 'int'(으)로 변환하면서 데이터가 손실될 수 있습니다.
e:\팀포폴 ppt\winapi\winapi\meatitem.cpp(10): warning C4244: '인수': 'float'에서 'int'(으)로 변환하면서 데이터가 손실될 수 있습니다.
e:\팀포폴 ppt\winapi\winapi\meatitem.cpp(34): warning C4244: '인수': 'float'에서 'int'(으)로 변환하면서 데이터가 손실될 수 있습니다.
e:\팀포폴 ppt\winapi\winapi\meatitem.cpp(38): warning C4244: '인수': 'float'에서 'int'(으)로 변환하면서 데이터가 손실될 수 있습니다.
  maxItem.cpp
e:\팀포폴 ppt\winapi\winapi\fieldobject.h(34): warning C4244: '인수': 'float'에서 'int'(으)로 변환하면서 데이터가 손실될 수 있습니다.
e:\팀포폴 ppt\winapi\winapi\maxitem.cpp(10): warning C4244: '인수': 'float'에서 'int'(으)로 변환하면서 데이터가 손실될 수 있습니다.
e:\팀포폴 ppt\winapi\winapi\maxitem.cpp(34): warning C4244: '인수': 'float'에서 'int'(으)로 변환하면서 데이터가 손실될 수 있습니다.
e:\팀포폴 ppt\winapi\winapi\maxitem.cpp(38): warning C4244: '인수': 'float'에서 'int'(으)로 변환하면서 데이터가 손실될 수 있습니다.
  mapManager.cpp
e:\팀포폴 ppt\winapi\winapi\fieldobject.h(34): warning C4244: '인수': 'float'에서 'int'(으)로 변환하면서 데이터가 손실될 수 있습니다.
e:\팀포폴 ppt\winapi\winapi\enemy.h(19): warning C4244: '인수': 'float'에서 'int'(으)로 변환하면서 데이터가 손실될 수 있습니다.
e:\팀포폴 ppt\winapi\winapi\player.h(55): warning C4244: '인수': 'float'에서 'int'(으)로 변환하면서 데이터가 손실될 수 있습니다.
e:\팀포폴 ppt\winapi\winapi\mapmanager.cpp(39): warning C4244: '=': 'LONG'에서 'float'(으)로 변환하면서 데이터가 손실될 수 있습니다.
e:\팀포폴 ppt\winapi\winapi\mapmanager.cpp(40): warning C4244: '=': 'LONG'에서 'float'(으)로 변환하면서 데이터가 손실될 수 있습니다.
e:\팀포폴 ppt\winapi\winapi\mapmanager.cpp(42): warning C4244: '=': 'int'에서 'float'(으)로 변환하면서 데이터가 손실될 수 있습니다.
e:\팀포폴 ppt\winapi\winapi\mapmanager.cpp(44): warning C4244: '=': 'int'에서 'float'(으)로 변환하면서 데이터가 손실될 수 있습니다.
e:\팀포폴 ppt\winapi\winapi\mapmanager.cpp(51): warning C4244: '인수': 'float'에서 'int'(으)로 변환하면서 데이터가 손실될 수 있습니다.
e:\팀포폴 ppt\winapi\winapi\mapmanager.cpp(62): warning C4018: '<': signed 또는 unsigned가 일치하지 않습니다.
e:\팀포폴 ppt\winapi\winapi\mapmanager.cpp(71): warning C4018: '<': signed 또는 unsigned가 일치하지 않습니다.
e:\팀포폴 ppt\winapi\winapi\mapmanager.cpp(78): warning C4244: '인수': 'float'에서 'int'(으)로 변환하면서 데이터가 손실될 수 있습니다.
  mainGame.cpp
e:\팀포폴 ppt\winapi\winapi\fieldobject.h(34): warning C4244: '인수': 'float'에서 'int'(으)로 변환하면서 데이터가 손실될 수 있습니다.
e:\팀포폴 ppt\winapi\winapi\enemy.h(19): warning C4244: '인수': 'float'에서 'int'(으)로 변환하면서 데이터가 손실될 수 있습니다.
e:\팀포폴 ppt\winapi\winapi\player.h(55): warning C4244: '인수': 'float'에서 'int'(으)로 변환하면서 데이터가 손실될 수 있습니다.
  lifeItem.cpp
e:\팀포폴 ppt\winapi\winapi\fieldobject.h(34): warning C4244: '인수': 'float'에서 'int'(으)로 변환하면서 데이터가 손실될 수 있습니다.
e:\팀포폴 ppt\winapi\winapi\lifeitem.cpp(10): warning C4244: '인수': 'float'에서 'int'(으)로 변환하면서 데이터가 손실될 수 있습니다.
e:\팀포폴 ppt\winapi\winapi\lifeitem.cpp(34): warning C4244: '인수': 'float'에서 'int'(으)로 변환하면서 데이터가 손실될 수 있습니다.
e:\팀포폴 ppt\winapi\winapi\lifeitem.cpp(38): warning C4244: '인수': 'float'에서 'int'(으)로 변환하면서 데이터가 손실될 수 있습니다.
  코드를 생성하고 있습니다...
  컴파일하고 있습니다...
  keyManager.cpp
  jumpSample.cpp
  ironBox.cpp
e:\팀포폴 ppt\winapi\winapi\fieldobject.h(34): warning C4244: '인수': 'float'에서 'int'(으)로 변환하면서 데이터가 손실될 수 있습니다.
e:\팀포폴 ppt\winapi\winapi\ironbox.cpp(12): warning C4244: '인수': 'float'에서 'int'(으)로 변환하면서 데이터가 손실될 수 있습니다.
e:\팀포폴 ppt\winapi\winapi\ironbox.cpp(36): warning C4244: '인수': 'float'에서 'int'(으)로 변환하면서 데이터가 손실될 수 있습니다.
e:\팀포폴 ppt\winapi\winapi\ironbox.cpp(40): warning C4244: '인수': 'float'에서 'int'(으)로 변환하면서 데이터가 손실될 수 있습니다.
  imageManager.cpp
  image.cpp
  gameNode.cpp
  fieldObject.cpp
e:\팀포폴 ppt\winapi\winapi\fieldobject.h(34): warning C4244: '인수': 'float'에서 'int'(으)로 변환하면서 데이터가 손실될 수 있습니다.
e:\팀포폴 ppt\winapi\winapi\fieldobject.cpp(11): warning C4244: '=': 'LONG'에서 'float'(으)로 변환하면서 데이터가 손실될 수 있습니다.
e:\팀포폴 ppt\winapi\winapi\fieldobject.cpp(12): warning C4244: '=': 'LONG'에서 'float'(으)로 변환하면서 데이터가 손실될 수 있습니다.
e:\팀포폴 ppt\winapi\winapi\fieldobject.cpp(18): warning C4244: '인수': 'float'에서 'int'(으)로 변환하면서 데이터가 손실될 수 있습니다.
e:\팀포폴 ppt\winapi\winapi\fieldobject.cpp(22): warning C4244: '인수': 'float'에서 'int'(으)로 변환하면서 데이터가 손실될 수 있습니다.
  enemyManager.cpp
e:\팀포폴 ppt\winapi\winapi\enemy.h(19): warning C4244: '인수': 'float'에서 'int'(으)로 변환하면서 데이터가 손실될 수 있습니다.
  enemy.cpp
e:\팀포폴 ppt\winapi\winapi\enemy.h(19): warning C4244: '인수': 'float'에서 'int'(으)로 변환하면서 데이터가 손실될 수 있습니다.
e:\팀포폴 ppt\winapi\winapi\enemy.cpp(14): warning C4244: '=': 'LONG'에서 'float'(으)로 변환하면서 데이터가 손실될 수 있습니다.
e:\팀포폴 ppt\winapi\winapi\enemy.cpp(15): warning C4244: '=': 'LONG'에서 'float'(으)로 변환하면서 데이터가 손실될 수 있습니다.
  drinkItem.cpp
e:\팀포폴 ppt\winapi\winapi\fieldobject.h(34): warning C4244: '인수': 'float'에서 'int'(으)로 변환하면서 데이터가 손실될 수 있습니다.
e:\팀포폴 ppt\winapi\winapi\drinkitem.cpp(10): warning C4244: '인수': 'float'에서 'int'(으)로 변환하면서 데이터가 손실될 수 있습니다.
e:\팀포폴 ppt\winapi\winapi\drinkitem.cpp(35): warning C4244: '인수': 'float'에서 'int'(으)로 변환하면서 데이터가 손실될 수 있습니다.
e:\팀포폴 ppt\winapi\winapi\drinkitem.cpp(39): warning C4244: '인수': 'float'에서 'int'(으)로 변환하면서 데이터가 손실될 수 있습니다.
  cherryItem.cpp
e:\팀포폴 ppt\winapi\winapi\fieldobject.h(34): warning C4244: '인수': 'float'에서 'int'(으)로 변환하면서 데이터가 손실될 수 있습니다.
e:\팀포폴 ppt\winapi\winapi\cherryitem.cpp(10): warning C4244: '인수': 'float'에서 'int'(으)로 변환하면서 데이터가 손실될 수 있습니다.
e:\팀포폴 ppt\winapi\winapi\cherryitem.cpp(34): warning C4244: '인수': 'float'에서 'int'(으)로 변환하면서 데이터가 손실될 수 있습니다.
e:\팀포폴 ppt\winapi\winapi\cherryitem.cpp(38): warning C4244: '인수': 'float'에서 'int'(으)로 변환하면서 데이터가 손실될 수 있습니다.
  candyItem.cpp
e:\팀포폴 ppt\winapi\winapi\fieldobject.h(34): warning C4244: '인수': 'float'에서 'int'(으)로 변환하면서 데이터가 손실될 수 있습니다.
e:\팀포폴 ppt\winapi\winapi\candyitem.cpp(10): warning C4244: '인수': 'float'에서 'int'(으)로 변환하면서 데이터가 손실될 수 있습니다.
e:\팀포폴 ppt\winapi\winapi\candyitem.cpp(34): warning C4244: '인수': 'float'에서 'int'(으)로 변환하면서 데이터가 손실될 수 있습니다.
e:\팀포폴 ppt\winapi\winapi\candyitem.cpp(38): warning C4244: '인수': 'float'에서 'int'(으)로 변환하면서 데이터가 손실될 수 있습니다.
  boxEnemy.cpp
e:\팀포폴 ppt\winapi\winapi\enemy.h(19): warning C4244: '인수': 'float'에서 'int'(으)로 변환하면서 데이터가 손실될 수 있습니다.
e:\팀포폴 ppt\winapi\winapi\boxenemy.cpp(20): warning C4244: '인수': 'float'에서 'int'(으)로 변환하면서 데이터가 손실될 수 있습니다.
  boomBox.cpp
e:\팀포폴 ppt\winapi\winapi\fieldobject.h(34): warning C4244: '인수': 'float'에서 'int'(으)로 변환하면서 데이터가 손실될 수 있습니다.
e:\팀포폴 ppt\winapi\winapi\boombox.cpp(11): warning C4244: '인수': 'float'에서 'int'(으)로 변환하면서 데이터가 손실될 수 있습니다.
e:\팀포폴 ppt\winapi\winapi\boombox.cpp(42): warning C4244: '인수': 'float'에서 'int'(으)로 변환하면서 데이터가 손실될 수 있습니다.
e:\팀포폴 ppt\winapi\winapi\boombox.cpp(46): warning C4244: '인수': 'float'에서 'int'(으)로 변환하면서 데이터가 손실될 수 있습니다.
  animation.cpp
  코드를 생성하고 있습니다...
  winApi.vcxproj -> E:\팀포폴 ppt\winApi\Debug\winApi.exe
